c:\users\17260\source\repos\project19\project19\x64\debug\vc143.pdb
c:\users\17260\source\repos\project19\project19\x64\debug\vc143.idb
c:\users\17260\source\repos\project19\project19\x64\debug\filename.obj
c:\users\17260\desktop\project19\project19\x64\debug\filename.obj
c:\users\17260\desktop\project19\project19\x64\debug\vc143.idb
c:\users\17260\desktop\project19\project19\x64\debug\vc143.pdb
c:\users\17260\desktop\project19\x64\debug\project19.pdb
c:\users\17260\desktop\project19\project19\x64\debug\project19.tlog\cl.command.1.tlog
c:\users\17260\desktop\project19\project19\x64\debug\project19.tlog\cl.read.1.tlog
c:\users\17260\desktop\project19\project19\x64\debug\project19.tlog\cl.write.1.tlog
c:\users\17260\desktop\project19\project19\x64\debug\project19.tlog\link-cvtres.read.1.tlog
c:\users\17260\desktop\project19\project19\x64\debug\project19.tlog\link-cvtres.write.1.tlog
c:\users\17260\desktop\project19\project19\x64\debug\project19.tlog\link-rc.read.1.tlog
c:\users\17260\desktop\project19\project19\x64\debug\project19.tlog\link-rc.write.1.tlog
c:\users\17260\desktop\project19\project19\x64\debug\project19.tlog\link.command.1.tlog
c:\users\17260\desktop\project19\project19\x64\debug\project19.tlog\link.read.1.tlog
c:\users\17260\desktop\project19\project19\x64\debug\project19.tlog\link.read.2.tlog
c:\users\17260\desktop\project19\project19\x64\debug\project19.tlog\link.read.3.tlog
c:\users\17260\desktop\project19\project19\x64\debug\project19.tlog\link.read.4.tlog
c:\users\17260\desktop\project19\project19\x64\debug\project19.tlog\link.write.1.tlog
